# JRE version: OpenJDK Runtime Environment Microsoft-8035246 (17.0.8+7) (build 17.0.8+7-LTS)
# Java VM: OpenJDK 64-Bit Server VM Microsoft-8035246 (17.0.8+7-LTS, mixed mode, sharing, tiered, compressed oops, compressed class ptrs, g1 gc, windows-amd64)
GC Precious Log:
 CPUs: 12 total, 12 available
 Memory: 32369M
 Large Page Support: Disabled
 NUMA Support: Disabled
 Compressed Oops: Enabled (32-bit)
 Heap Region Size: 1M
 Heap Min Capacity: 8M
 Heap Initial Capacity: 506M
 Heap Max Capacity: 2G
 Pre-touch: Disabled
 Parallel Workers: 10
 Concurrent Workers: 3
 Concurrent Refinement Workers: 10
 Periodic GC: Disabled
Heap:
 garbage-first heap   total 346112K, used 246525K [0x0000000080000000, 0x0000000100000000)
  region size 1024K, 77 young (78848K), 2 survivors (2048K)
 Metaspace       used 97032K, committed 98048K, reserved 557056K
  class space    used 13383K, committed 13888K, reserved 425984K
GC Heap History (20 events):
Event: 21.976 GC heap before
{Heap before GC invocations=22 (full 0):
 garbage-first heap   total 204800K, used 126039K [0x0000000080000000, 0x0000000100000000)
  region size 1024K, 10 young (10240K), 7 survivors (7168K)
 Metaspace       used 84302K, committed 85248K, reserved 557056K
  class space    used 11750K, committed 12224K, reserved 425984K
}
Event: 21.980 GC heap after
{Heap after GC invocations=23 (full 0):
 garbage-first heap   total 204800K, used 126491K [0x0000000080000000, 0x0000000100000000)
  region size 1024K, 2 young (2048K), 2 survivors (2048K)
 Metaspace       used 84302K, committed 85248K, reserved 557056K
  class space    used 11750K, committed 12224K, reserved 425984K
}
Event: 22.434 GC heap before
{Heap before GC invocations=23 (full 0):
 garbage-first heap   total 204800K, used 162331K [0x0000000080000000, 0x0000000100000000)
  region size 1024K, 38 young (38912K), 2 survivors (2048K)
 Metaspace       used 87149K, committed 88064K, reserved 557056K
  class space    used 12122K, committed 12608K, reserved 425984K
}
Event: 22.438 GC heap after
{Heap after GC invocations=24 (full 0):
 garbage-first heap   total 204800K, used 132802K [0x0000000080000000, 0x0000000100000000)
  region size 1024K, 5 young (5120K), 5 survivors (5120K)
 Metaspace       used 87149K, committed 88064K, reserved 557056K
  class space    used 12122K, committed 12608K, reserved 425984K
}
Event: 22.929 GC heap before
{Heap before GC invocations=25 (full 0):
 garbage-first heap   total 227328K, used 165570K [0x0000000080000000, 0x0000000100000000)
  region size 1024K, 36 young (36864K), 5 survivors (5120K)
 Metaspace       used 87528K, committed 88448K, reserved 557056K
  class space    used 12156K, committed 12608K, reserved 425984K
}
Event: 22.935 GC heap after
{Heap after GC invocations=26 (full 0):
 garbage-first heap   total 227328K, used 142301K [0x0000000080000000, 0x0000000100000000)
  region size 1024K, 5 young (5120K), 5 survivors (5120K)
 Metaspace       used 87528K, committed 88448K, reserved 557056K
  class space    used 12156K, committed 12608K, reserved 425984K
}
Event: 23.023 GC heap before
{Heap before GC invocations=26 (full 0):
 garbage-first heap   total 227328K, used 148445K [0x0000000080000000, 0x0000000100000000)
  region size 1024K, 11 young (11264K), 5 survivors (5120K)
 Metaspace       used 87620K, committed 88512K, reserved 557056K
  class space    used 12165K, committed 12608K, reserved 425984K
}
Event: 23.028 GC heap after
{Heap after GC invocations=27 (full 0):
 garbage-first heap   total 227328K, used 143562K [0x0000000080000000, 0x0000000100000000)
  region size 1024K, 2 young (2048K), 2 survivors (2048K)
 Metaspace       used 87620K, committed 88512K, reserved 557056K
  class space    used 12165K, committed 12608K, reserved 425984K
}
Event: 23.595 GC heap before
{Heap before GC invocations=27 (full 0):
 garbage-first heap   total 227328K, used 181450K [0x0000000080000000, 0x0000000100000000)
  region size 1024K, 39 young (39936K), 2 survivors (2048K)
 Metaspace       used 92271K, committed 93184K, reserved 557056K
  class space    used 12816K, committed 13248K, reserved 425984K
}
Event: 23.599 GC heap after
{Heap after GC invocations=28 (full 0):
 garbage-first heap   total 227328K, used 145909K [0x0000000080000000, 0x0000000100000000)
  region size 1024K, 5 young (5120K), 5 survivors (5120K)
 Metaspace       used 92271K, committed 93184K, reserved 557056K
  class space    used 12816K, committed 13248K, reserved 425984K
}
Event: 24.111 GC heap before
{Heap before GC invocations=29 (full 0):
 garbage-first heap   total 258048K, used 181749K [0x0000000080000000, 0x0000000100000000)
  region size 1024K, 40 young (40960K), 5 survivors (5120K)
 Metaspace       used 93311K, committed 94208K, reserved 557056K
  class space    used 12948K, committed 13376K, reserved 425984K
}
Event: 24.120 GC heap after
{Heap after GC invocations=30 (full 0):
 garbage-first heap   total 258048K, used 151534K [0x0000000080000000, 0x0000000100000000)
  region size 1024K, 5 young (5120K), 5 survivors (5120K)
 Metaspace       used 93311K, committed 94208K, reserved 557056K
  class space    used 12948K, committed 13376K, reserved 425984K
}
Event: 24.231 GC heap before
{Heap before GC invocations=30 (full 0):
 garbage-first heap   total 258048K, used 158702K [0x0000000080000000, 0x0000000100000000)
  region size 1024K, 12 young (12288K), 5 survivors (5120K)
 Metaspace       used 93657K, committed 94592K, reserved 557056K
  class space    used 12998K, committed 13440K, reserved 425984K
}
Event: 24.237 GC heap after
{Heap after GC invocations=31 (full 0):
 garbage-first heap   total 258048K, used 151600K [0x0000000080000000, 0x0000000100000000)
  region size 1024K, 2 young (2048K), 2 survivors (2048K)
 Metaspace       used 93657K, committed 94592K, reserved 557056K
  class space    used 12998K, committed 13440K, reserved 425984K
}
Event: 24.811 GC heap before
{Heap before GC invocations=31 (full 0):
 garbage-first heap   total 258048K, used 204848K [0x0000000080000000, 0x0000000100000000)
  region size 1024K, 54 young (55296K), 2 survivors (2048K)
 Metaspace       used 94905K, committed 95872K, reserved 557056K
  class space    used 13124K, committed 13568K, reserved 425984K
}
Event: 24.819 GC heap after
{Heap after GC invocations=32 (full 0):
 garbage-first heap   total 346112K, used 160095K [0x0000000080000000, 0x0000000100000000)
  region size 1024K, 7 young (7168K), 7 survivors (7168K)
 Metaspace       used 94905K, committed 95872K, reserved 557056K
  class space    used 13124K, committed 13568K, reserved 425984K
}
Event: 25.931 GC heap before
{Heap before GC invocations=33 (full 0):
 garbage-first heap   total 346112K, used 256351K [0x0000000080000000, 0x0000000100000000)
  region size 1024K, 102 young (104448K), 7 survivors (7168K)
 Metaspace       used 96951K, committed 97920K, reserved 557056K
  class space    used 13382K, committed 13888K, reserved 425984K
}
Event: 25.943 GC heap after
{Heap after GC invocations=34 (full 0):
 garbage-first heap   total 346112K, used 170549K [0x0000000080000000, 0x0000000100000000)
  region size 1024K, 13 young (13312K), 13 survivors (13312K)
 Metaspace       used 96951K, committed 97920K, reserved 557056K
  class space    used 13382K, committed 13888K, reserved 425984K
}
Event: 25.951 GC heap before
{Heap before GC invocations=34 (full 0):
 garbage-first heap   total 346112K, used 172597K [0x0000000080000000, 0x0000000100000000)
  region size 1024K, 16 young (16384K), 13 survivors (13312K)
 Metaspace       used 96960K, committed 97984K, reserved 557056K
  class space    used 13382K, committed 13888K, reserved 425984K
}
Event: 25.962 GC heap after
{Heap after GC invocations=35 (full 0):
 garbage-first heap   total 346112K, used 171773K [0x0000000080000000, 0x0000000100000000)
  region size 1024K, 2 young (2048K), 2 survivors (2048K)
 Metaspace       used 96960K, committed 97984K, reserved 557056K
  class space    used 13382K, committed 13888K, reserved 425984K
}

