# JRE version: OpenJDK Runtime Environment Microsoft-8035246 (17.0.8+7) (build 17.0.8+7-LTS)
# Java VM: OpenJDK 64-Bit Server VM Microsoft-8035246 (17.0.8+7-LTS, mixed mode, sharing, tiered, compressed oops, compressed class ptrs, g1 gc, windows-amd64)
GC Precious Log:
 CPUs: 12 total, 12 available
 Memory: 32369M
 Large Page Support: Disabled
 NUMA Support: Disabled
 Compressed Oops: Enabled (32-bit)
 Heap Region Size: 1M
 Heap Min Capacity: 8M
 Heap Initial Capacity: 506M
 Heap Max Capacity: 2G
 Pre-touch: Disabled
 Parallel Workers: 10
 Concurrent Workers: 3
 Concurrent Refinement Workers: 10
 Periodic GC: Disabled
Heap:
 garbage-first heap   total 312320K, used 214301K [0x0000000080000000, 0x0000000100000000)
  region size 1024K, 36 young (36864K), 2 survivors (2048K)
 Metaspace       used 97440K, committed 98432K, reserved 557056K
  class space    used 13416K, committed 13888K, reserved 425984K
GC Heap History (20 events):
Event: 11.831 GC heap before
{Heap before GC invocations=18 (full 0):
 garbage-first heap   total 302080K, used 186752K [0x0000000080000000, 0x0000000100000000)
  region size 1024K, 138 young (141312K), 3 survivors (3072K)
 Metaspace       used 61372K, committed 62080K, reserved 491520K
  class space    used 8587K, committed 8896K, reserved 425984K
}
Event: 11.840 GC heap after
{Heap after GC invocations=19 (full 0):
 garbage-first heap   total 302080K, used 59575K [0x0000000080000000, 0x0000000100000000)
  region size 1024K, 14 young (14336K), 14 survivors (14336K)
 Metaspace       used 61372K, committed 62080K, reserved 491520K
  class space    used 8587K, committed 8896K, reserved 425984K
}
Event: 13.275 GC heap before
{Heap before GC invocations=19 (full 0):
 garbage-first heap   total 302080K, used 217271K [0x0000000080000000, 0x0000000100000000)
  region size 1024K, 159 young (162816K), 14 survivors (14336K)
 Metaspace       used 72812K, committed 73536K, reserved 491520K
  class space    used 10002K, committed 10304K, reserved 425984K
}
Event: 13.288 GC heap after
{Heap after GC invocations=20 (full 0):
 garbage-first heap   total 302080K, used 75836K [0x0000000080000000, 0x0000000100000000)
  region size 1024K, 15 young (15360K), 15 survivors (15360K)
 Metaspace       used 72812K, committed 73536K, reserved 491520K
  class space    used 10002K, committed 10304K, reserved 425984K
}
Event: 17.093 GC heap before
{Heap before GC invocations=20 (full 0):
 garbage-first heap   total 302080K, used 194620K [0x0000000080000000, 0x0000000100000000)
  region size 1024K, 132 young (135168K), 15 survivors (15360K)
 Metaspace       used 80351K, committed 81088K, reserved 557056K
  class space    used 11230K, committed 11520K, reserved 425984K
}
Event: 17.106 GC heap after
{Heap after GC invocations=21 (full 0):
 garbage-first heap   total 302080K, used 86637K [0x0000000080000000, 0x0000000100000000)
  region size 1024K, 11 young (11264K), 11 survivors (11264K)
 Metaspace       used 80351K, committed 81088K, reserved 557056K
  class space    used 11230K, committed 11520K, reserved 425984K
}
Event: 18.683 GC heap before
{Heap before GC invocations=22 (full 0):
 garbage-first heap   total 302080K, used 237165K [0x0000000080000000, 0x0000000100000000)
  region size 1024K, 143 young (146432K), 11 survivors (11264K)
 Metaspace       used 86327K, committed 87296K, reserved 557056K
  class space    used 12021K, committed 12480K, reserved 425984K
}
Event: 18.698 GC heap after
{Heap after GC invocations=23 (full 0):
 garbage-first heap   total 302080K, used 125873K [0x0000000080000000, 0x0000000100000000)
  region size 1024K, 18 young (18432K), 18 survivors (18432K)
 Metaspace       used 86327K, committed 87296K, reserved 557056K
  class space    used 12021K, committed 12480K, reserved 425984K
}
Event: 20.026 GC heap before
{Heap before GC invocations=23 (full 0):
 garbage-first heap   total 302080K, used 226225K [0x0000000080000000, 0x0000000100000000)
  region size 1024K, 115 young (117760K), 18 survivors (18432K)
 Metaspace       used 92632K, committed 93568K, reserved 557056K
  class space    used 12866K, committed 13312K, reserved 425984K
}
Event: 20.039 GC heap after
{Heap after GC invocations=24 (full 0):
 garbage-first heap   total 302080K, used 144830K [0x0000000080000000, 0x0000000100000000)
  region size 1024K, 15 young (15360K), 15 survivors (15360K)
 Metaspace       used 92632K, committed 93568K, reserved 557056K
  class space    used 12866K, committed 13312K, reserved 425984K
}
Event: 20.842 GC heap before
{Heap before GC invocations=24 (full 0):
 garbage-first heap   total 302080K, used 229822K [0x0000000080000000, 0x0000000100000000)
  region size 1024K, 98 young (100352K), 15 survivors (15360K)
 Metaspace       used 94789K, committed 95744K, reserved 557056K
  class space    used 13100K, committed 13504K, reserved 425984K
}
Event: 20.855 GC heap after
{Heap after GC invocations=25 (full 0):
 garbage-first heap   total 302080K, used 158714K [0x0000000080000000, 0x0000000100000000)
  region size 1024K, 13 young (13312K), 13 survivors (13312K)
 Metaspace       used 94789K, committed 95744K, reserved 557056K
  class space    used 13100K, committed 13504K, reserved 425984K
}
Event: 21.984 GC heap before
{Heap before GC invocations=25 (full 0):
 garbage-first heap   total 302080K, used 233466K [0x0000000080000000, 0x0000000100000000)
  region size 1024K, 87 young (89088K), 13 survivors (13312K)
 Metaspace       used 96747K, committed 97728K, reserved 557056K
  class space    used 13356K, committed 13824K, reserved 425984K
}
Event: 21.996 GC heap after
{Heap after GC invocations=26 (full 0):
 garbage-first heap   total 302080K, used 166120K [0x0000000080000000, 0x0000000100000000)
  region size 1024K, 7 young (7168K), 7 survivors (7168K)
 Metaspace       used 96747K, committed 97728K, reserved 557056K
  class space    used 13356K, committed 13824K, reserved 425984K
}
Event: 22.466 GC heap before
{Heap before GC invocations=27 (full 0):
 garbage-first heap   total 302080K, used 238824K [0x0000000080000000, 0x0000000100000000)
  region size 1024K, 79 young (80896K), 7 survivors (7168K)
 Metaspace       used 97166K, committed 98240K, reserved 557056K
  class space    used 13396K, committed 13888K, reserved 425984K
}
Event: 22.475 GC heap after
{Heap after GC invocations=28 (full 0):
 garbage-first heap   total 302080K, used 173271K [0x0000000080000000, 0x0000000100000000)
  region size 1024K, 8 young (8192K), 8 survivors (8192K)
 Metaspace       used 97166K, committed 98240K, reserved 557056K
  class space    used 13396K, committed 13888K, reserved 425984K
}
Event: 22.520 GC heap before
{Heap before GC invocations=28 (full 0):
 garbage-first heap   total 302080K, used 179415K [0x0000000080000000, 0x0000000100000000)
  region size 1024K, 14 young (14336K), 8 survivors (8192K)
 Metaspace       used 97166K, committed 98240K, reserved 557056K
  class space    used 13396K, committed 13888K, reserved 425984K
}
Event: 22.524 GC heap after
{Heap after GC invocations=29 (full 0):
 garbage-first heap   total 302080K, used 172847K [0x0000000080000000, 0x0000000100000000)
  region size 1024K, 2 young (2048K), 2 survivors (2048K)
 Metaspace       used 97166K, committed 98240K, reserved 557056K
  class space    used 13396K, committed 13888K, reserved 425984K
}
Event: 22.790 GC heap before
{Heap before GC invocations=29 (full 0):
 garbage-first heap   total 302080K, used 199471K [0x0000000080000000, 0x0000000100000000)
  region size 1024K, 29 young (29696K), 2 survivors (2048K)
 Metaspace       used 97168K, committed 98240K, reserved 557056K
  class space    used 13396K, committed 13888K, reserved 425984K
}
Event: 22.792 GC heap after
{Heap after GC invocations=30 (full 0):
 garbage-first heap   total 302080K, used 173341K [0x0000000080000000, 0x0000000100000000)
  region size 1024K, 2 young (2048K), 2 survivors (2048K)
 Metaspace       used 97168K, committed 98240K, reserved 557056K
  class space    used 13396K, committed 13888K, reserved 425984K
}

