# JRE version: OpenJDK Runtime Environment Microsoft-8035246 (17.0.8+7) (build 17.0.8+7-LTS)
# Java VM: OpenJDK 64-Bit Server VM Microsoft-8035246 (17.0.8+7-LTS, mixed mode, sharing, tiered, compressed oops, compressed class ptrs, g1 gc, windows-amd64)
GC Precious Log:
 CPUs: 12 total, 12 available
 Memory: 32369M
 Large Page Support: Disabled
 NUMA Support: Disabled
 Compressed Oops: Enabled (32-bit)
 Heap Region Size: 1M
 Heap Min Capacity: 8M
 Heap Initial Capacity: 506M
 Heap Max Capacity: 2G
 Pre-touch: Disabled
 Parallel Workers: 10
 Concurrent Workers: 3
 Concurrent Refinement Workers: 10
 Periodic GC: Disabled
Heap:
 garbage-first heap   total 312320K, used 188214K [0x0000000080000000, 0x0000000100000000)
  region size 1024K, 15 young (15360K), 2 survivors (2048K)
 Metaspace       used 102391K, committed 103424K, reserved 557056K
  class space    used 14043K, committed 14528K, reserved 425984K
GC Heap History (20 events):
Event: 15.196 GC heap before
{Heap before GC invocations=24 (full 0):
 garbage-first heap   total 106496K, used 77121K [0x0000000080000000, 0x0000000100000000)
  region size 1024K, 23 young (23552K), 2 survivors (2048K)
 Metaspace       used 63639K, committed 64320K, reserved 491520K
  class space    used 8811K, committed 9152K, reserved 425984K
}
Event: 15.201 GC heap after
{Heap after GC invocations=25 (full 0):
 garbage-first heap   total 312320K, used 57219K [0x0000000080000000, 0x0000000100000000)
  region size 1024K, 3 young (3072K), 3 survivors (3072K)
 Metaspace       used 63639K, committed 64320K, reserved 491520K
  class space    used 8811K, committed 9152K, reserved 425984K
}
Event: 15.471 GC heap before
{Heap before GC invocations=25 (full 0):
 garbage-first heap   total 312320K, used 69507K [0x0000000080000000, 0x0000000100000000)
  region size 1024K, 15 young (15360K), 3 survivors (3072K)
 Metaspace       used 64424K, committed 65088K, reserved 491520K
  class space    used 8897K, committed 9216K, reserved 425984K
}
Event: 15.475 GC heap after
{Heap after GC invocations=26 (full 0):
 garbage-first heap   total 312320K, used 58192K [0x0000000080000000, 0x0000000100000000)
  region size 1024K, 2 young (2048K), 2 survivors (2048K)
 Metaspace       used 64424K, committed 65088K, reserved 491520K
  class space    used 8897K, committed 9216K, reserved 425984K
}
Event: 17.299 GC heap before
{Heap before GC invocations=26 (full 0):
 garbage-first heap   total 312320K, used 228176K [0x0000000080000000, 0x0000000100000000)
  region size 1024K, 160 young (163840K), 2 survivors (2048K)
 Metaspace       used 74391K, committed 75072K, reserved 491520K
  class space    used 10172K, committed 10496K, reserved 425984K
}
Event: 17.307 GC heap after
{Heap after GC invocations=27 (full 0):
 garbage-first heap   total 312320K, used 75890K [0x0000000080000000, 0x0000000100000000)
  region size 1024K, 17 young (17408K), 17 survivors (17408K)
 Metaspace       used 74391K, committed 75072K, reserved 491520K
  class space    used 10172K, committed 10496K, reserved 425984K
}
Event: 21.609 GC heap before
{Heap before GC invocations=27 (full 0):
 garbage-first heap   total 312320K, used 226418K [0x0000000080000000, 0x0000000100000000)
  region size 1024K, 163 young (166912K), 17 survivors (17408K)
 Metaspace       used 84686K, committed 85440K, reserved 557056K
  class space    used 11775K, committed 12096K, reserved 425984K
}
Event: 21.621 GC heap after
{Heap after GC invocations=28 (full 0):
 garbage-first heap   total 312320K, used 87982K [0x0000000080000000, 0x0000000100000000)
  region size 1024K, 13 young (13312K), 13 survivors (13312K)
 Metaspace       used 84686K, committed 85440K, reserved 557056K
  class space    used 11775K, committed 12096K, reserved 425984K
}
Event: 23.474 GC heap before
{Heap before GC invocations=28 (full 0):
 garbage-first heap   total 312320K, used 246702K [0x0000000080000000, 0x0000000100000000)
  region size 1024K, 153 young (156672K), 13 survivors (13312K)
 Metaspace       used 89846K, committed 90752K, reserved 557056K
  class space    used 12453K, committed 12864K, reserved 425984K
}
Event: 23.488 GC heap after
{Heap after GC invocations=29 (full 0):
 garbage-first heap   total 312320K, used 127336K [0x0000000080000000, 0x0000000100000000)
  region size 1024K, 20 young (20480K), 20 survivors (20480K)
 Metaspace       used 89846K, committed 90752K, reserved 557056K
  class space    used 12453K, committed 12864K, reserved 425984K
}
Event: 24.660 GC heap before
{Heap before GC invocations=29 (full 0):
 garbage-first heap   total 312320K, used 236904K [0x0000000080000000, 0x0000000100000000)
  region size 1024K, 126 young (129024K), 20 survivors (20480K)
 Metaspace       used 95980K, committed 96960K, reserved 557056K
  class space    used 13300K, committed 13760K, reserved 425984K
}
Event: 24.675 GC heap after
{Heap after GC invocations=30 (full 0):
 garbage-first heap   total 312320K, used 144924K [0x0000000080000000, 0x0000000100000000)
  region size 1024K, 14 young (14336K), 14 survivors (14336K)
 Metaspace       used 95980K, committed 96960K, reserved 557056K
  class space    used 13300K, committed 13760K, reserved 425984K
}
Event: 25.838 GC heap before
{Heap before GC invocations=30 (full 0):
 garbage-first heap   total 312320K, used 241180K [0x0000000080000000, 0x0000000100000000)
  region size 1024K, 108 young (110592K), 14 survivors (14336K)
 Metaspace       used 99617K, committed 100608K, reserved 557056K
  class space    used 13705K, committed 14144K, reserved 425984K
}
Event: 25.855 GC heap after
{Heap after GC invocations=31 (full 0):
 garbage-first heap   total 312320K, used 160303K [0x0000000080000000, 0x0000000100000000)
  region size 1024K, 14 young (14336K), 14 survivors (14336K)
 Metaspace       used 99617K, committed 100608K, reserved 557056K
  class space    used 13705K, committed 14144K, reserved 425984K
}
Event: 26.761 GC heap before
{Heap before GC invocations=31 (full 0):
 garbage-first heap   total 312320K, used 242223K [0x0000000080000000, 0x0000000100000000)
  region size 1024K, 95 young (97280K), 14 survivors (14336K)
 Metaspace       used 102030K, committed 102976K, reserved 557056K
  class space    used 14020K, committed 14464K, reserved 425984K
}
Event: 26.776 GC heap after
{Heap after GC invocations=32 (full 0):
 garbage-first heap   total 312320K, used 168931K [0x0000000080000000, 0x0000000100000000)
  region size 1024K, 8 young (8192K), 8 survivors (8192K)
 Metaspace       used 102030K, committed 102976K, reserved 557056K
  class space    used 14020K, committed 14464K, reserved 425984K
}
Event: 27.250 GC heap before
{Heap before GC invocations=33 (full 0):
 garbage-first heap   total 312320K, used 247779K [0x0000000080000000, 0x0000000100000000)
  region size 1024K, 86 young (88064K), 8 survivors (8192K)
 Metaspace       used 102390K, committed 103424K, reserved 557056K
  class space    used 14042K, committed 14528K, reserved 425984K
}
Event: 27.260 GC heap after
{Heap after GC invocations=34 (full 0):
 garbage-first heap   total 312320K, used 175715K [0x0000000080000000, 0x0000000100000000)
  region size 1024K, 8 young (8192K), 8 survivors (8192K)
 Metaspace       used 102390K, committed 103424K, reserved 557056K
  class space    used 14042K, committed 14528K, reserved 425984K
}
Event: 27.341 GC heap before
{Heap before GC invocations=34 (full 0):
 garbage-first heap   total 312320K, used 181859K [0x0000000080000000, 0x0000000100000000)
  region size 1024K, 15 young (15360K), 8 survivors (8192K)
 Metaspace       used 102391K, committed 103424K, reserved 557056K
  class space    used 14043K, committed 14528K, reserved 425984K
}
Event: 27.346 GC heap after
{Heap after GC invocations=35 (full 0):
 garbage-first heap   total 312320K, used 175926K [0x0000000080000000, 0x0000000100000000)
  region size 1024K, 2 young (2048K), 2 survivors (2048K)
 Metaspace       used 102391K, committed 103424K, reserved 557056K
  class space    used 14043K, committed 14528K, reserved 425984K
}

